<?xml version="1.0" encoding="UTF-8"?>
<robot generator="Robot 7.0 (Python 3.10.6 on win32)" generated="2024-06-27T18:45:01.095376" rpa="false" schemaversion="5">
<suite id="s1" name="Practice" source="C:\Users\danny\Documents\automation_development\robot_scripts\practice">
<suite id="s1-s1" name="Tests" source="C:\Users\danny\Documents\automation_development\robot_scripts\practice\Tests">
<suite id="s1-s1-s1" name="testDemo7" source="C:\Users\danny\Documents\automation_development\robot_scripts\practice\Tests\testDemo7.robot">
<test id="s1-s1-s1-t1" name="Get the Book Details which got added" line="30">
<kw name="GET" owner="RequestsLibrary">
<msg time="2024-06-27T18:45:02.207954" level="INFO">GET Request : url=https://rahulshettyacademy.com/Library/GetBook.php?ID=94320332453 
 path_url=/Library/GetBook.php?ID=94320332453 
 headers={'User-Agent': 'python-requests/2.31.0', 'Accept-Encoding': 'gzip, deflate', 'Accept': '*/*', 'Connection': 'keep-alive'} 
 body=None 
 </msg>
<msg time="2024-06-27T18:45:02.207954" level="INFO">GET Response : url=https://rahulshettyacademy.com/Library/GetBook.php?ID=94320332453 
 status=200, reason=OK 
 headers={'Date': 'Thu, 27 Jun 2024 22:45:01 GMT', 'Server': 'Apache/2.4.52 (Ubuntu)', 'Access-Control-Allow-Origin': '*', 'Access-Control-Allow-Methods': 'POST', 'Access-Control-Max-Age': '3600', 'Access-Control-Allow-Headers': 'Content-Type, Access-Control-Allow-Headers, Authorization, X-Requested-With', 'Content-Length': '87', 'Keep-Alive': 'timeout=5, max=100', 'Connection': 'Keep-Alive', 'Content-Type': 'application/json;charset=UTF-8'} 
 body=[{"book_name":"RobotFramework","isbn":"943203","aisle":"32453","author":"rahulshetty"}] 
 </msg>
<msg time="2024-06-27T18:45:02.207954" level="INFO">${get_response} = &lt;Response [200]&gt;</msg>
<var>${get_response}</var>
<arg>${base_url}/Library/GetBook.php</arg>
<arg>params=ID=94320332453</arg>
<arg>expected_status=200</arg>
<doc>Sends a GET request.</doc>
<status status="PASS" start="2024-06-27T18:45:01.197715" elapsed="1.010239"/>
</kw>
<kw name="Log" owner="BuiltIn">
<msg time="2024-06-27T18:45:02.208953" level="INFO">[{'book_name': 'RobotFramework', 'isbn': '943203', 'aisle': '32453', 'author': 'rahulshetty'}]</msg>
<arg>${get_response.json()}</arg>
<arg>console=True</arg>
<doc>Logs the given message with the given level.</doc>
<status status="PASS" start="2024-06-27T18:45:02.207954" elapsed="0.000999"/>
</kw>
<kw name="Should Be Equal As Strings" owner="BuiltIn">
<arg>${book_name}</arg>
<arg>${get_response.json()}[0][book_name]</arg>
<doc>Fails if objects are unequal after converting them to strings.</doc>
<status status="PASS" start="2024-06-27T18:45:02.208953" elapsed="0.000693"/>
</kw>
<status status="PASS" start="2024-06-27T18:45:01.196709" elapsed="1.013243"/>
</test>
<status status="PASS" start="2024-06-27T18:45:01.117930" elapsed="1.092022"/>
</suite>
<status status="PASS" start="2024-06-27T18:45:01.115925" elapsed="1.095028"/>
</suite>
<status status="PASS" start="2024-06-27T18:45:01.097898" elapsed="1.114055"/>
</suite>
<statistics>
<total>
<stat pass="1" fail="0" skip="0">All Tests</stat>
</total>
<tag>
</tag>
<suite>
<stat pass="1" fail="0" skip="0" id="s1" name="Practice">Practice</stat>
<stat pass="1" fail="0" skip="0" id="s1-s1" name="Tests">Practice.Tests</stat>
<stat pass="1" fail="0" skip="0" id="s1-s1-s1" name="testDemo7">Practice.Tests.testDemo7</stat>
</suite>
</statistics>
<errors>
</errors>
</robot>
