<?xml version="1.0" encoding="UTF-8"?>
<robot generator="Robot 7.0 (Python 3.10.6 on win32)" generated="2024-06-17T23:08:40.606316" rpa="false" schemaversion="5">
<suite id="s1" name="testDemo5" source="C:\Users\danny\Documents\automation_development\robot_scripts\practice\Tests\testDemo5.robot">
<test id="s1-t1" name="Invalid username" line="12">
<kw name="Validate Unsuccessful Login">
<kw name="open the browser with the Mortgage payment url">
<kw name="Open Browser" owner="SeleniumLibrary">
<msg time="2024-06-17T23:08:40.780705" level="INFO">Opening browser 'chrome' to base url 'https://rahulshettyacademy.com/loginpagePractise/'.</msg>
<arg>https://rahulshettyacademy.com/loginpagePractise/</arg>
<arg>chrome</arg>
<doc>Opens a new browser instance to the optional ``url``.</doc>
<status status="PASS" start="2024-06-17T23:08:40.780705" elapsed="2.641596"/>
</kw>
<kw name="Sleep" owner="BuiltIn">
<msg time="2024-06-17T23:08:45.438530" level="INFO">Slept 2 seconds.</msg>
<arg>2s</arg>
<doc>Pauses the test executed for the given time.</doc>
<status status="PASS" start="2024-06-17T23:08:43.422301" elapsed="2.016229"/>
</kw>
<status status="PASS" start="2024-06-17T23:08:40.779706" elapsed="4.658824"/>
</kw>
<kw name="Fill the login form">
<kw name="Input Text" owner="SeleniumLibrary">
<msg time="2024-06-17T23:08:45.439533" level="INFO">Typing text 'dsahed' into text field 'id:username'.</msg>
<arg>id:username</arg>
<arg>${username}</arg>
<doc>Types the given ``text`` into the text field identified by ``locator``.</doc>
<status status="PASS" start="2024-06-17T23:08:45.439533" elapsed="0.094768"/>
</kw>
<kw name="Input Password" owner="SeleniumLibrary">
<msg time="2024-06-17T23:08:45.536301" level="INFO">Typing password into text field 'id:password'.</msg>
<msg time="2024-06-17T23:08:45.567823" level="INFO">Temporally setting log level to: NONE</msg>
<arg>id:password</arg>
<arg>${password}</arg>
<doc>Types the given password into the text field identified by ``locator``.</doc>
<status status="PASS" start="2024-06-17T23:08:45.535306" elapsed="0.094398"/>
</kw>
<kw name="Click Button" owner="SeleniumLibrary">
<msg time="2024-06-17T23:08:45.630706" level="INFO">Clicking button 'signInBtn'.</msg>
<arg>signInBtn</arg>
<doc>Clicks the button identified by ``locator``.</doc>
<status status="PASS" start="2024-06-17T23:08:45.630706" elapsed="0.052225"/>
</kw>
<arg>${username}</arg>
<arg>${password}</arg>
<status status="PASS" start="2024-06-17T23:08:45.438530" elapsed="0.244401"/>
</kw>
<kw name="Wait until it checks and display error message">
<kw name="Wait Until Element Is Visible" owner="SeleniumLibrary">
<arg>${Error_Message_Login}</arg>
<doc>Waits until the element ``locator`` is visible.</doc>
<status status="PASS" start="2024-06-17T23:08:45.682931" elapsed="2.207117"/>
</kw>
<status status="PASS" start="2024-06-17T23:08:45.682931" elapsed="2.207117"/>
</kw>
<kw name="Verify error message is correct">
<kw name="Element Text Should Be" owner="SeleniumLibrary">
<msg time="2024-06-17T23:08:47.890048" level="INFO">Verifying element 'class:alert-danger' contains exact text 'Incorrect username/password.'.</msg>
<arg>${Error_Message_Login}</arg>
<arg>Incorrect username/password.</arg>
<doc>Verifies that element ``locator`` contains exact the text ``expected``.</doc>
<status status="PASS" start="2024-06-17T23:08:47.890048" elapsed="0.015000"/>
</kw>
<status status="PASS" start="2024-06-17T23:08:47.890048" elapsed="0.015000"/>
</kw>
<arg>username=dsahed</arg>
<arg>password=learning</arg>
<status status="PASS" start="2024-06-17T23:08:40.779706" elapsed="7.126343"/>
</kw>
<kw name="Close Browser" owner="SeleniumLibrary" type="TEARDOWN">
<doc>Closes the current browser.</doc>
<status status="PASS" start="2024-06-17T23:08:47.906049" elapsed="2.131726"/>
</kw>
<status status="PASS" start="2024-06-17T23:08:40.778705" elapsed="9.260071"/>
</test>
<test id="s1-t2" name="Invalid password " line="12">
<kw name="Validate Unsuccessful Login">
<kw name="open the browser with the Mortgage payment url">
<kw name="Open Browser" owner="SeleniumLibrary">
<msg time="2024-06-17T23:08:50.040777" level="INFO">Opening browser 'chrome' to base url 'https://rahulshettyacademy.com/loginpagePractise/'.</msg>
<arg>https://rahulshettyacademy.com/loginpagePractise/</arg>
<arg>chrome</arg>
<doc>Opens a new browser instance to the optional ``url``.</doc>
<status status="PASS" start="2024-06-17T23:08:50.040777" elapsed="2.572187"/>
</kw>
<kw name="Sleep" owner="BuiltIn">
<msg time="2024-06-17T23:08:54.624972" level="INFO">Slept 2 seconds.</msg>
<arg>2s</arg>
<doc>Pauses the test executed for the given time.</doc>
<status status="PASS" start="2024-06-17T23:08:52.612964" elapsed="2.012008"/>
</kw>
<status status="PASS" start="2024-06-17T23:08:50.040777" elapsed="4.584195"/>
</kw>
<kw name="Fill the login form">
<kw name="Input Text" owner="SeleniumLibrary">
<msg time="2024-06-17T23:08:54.625973" level="INFO">Typing text 'rahulshetty' into text field 'id:username'.</msg>
<arg>id:username</arg>
<arg>${username}</arg>
<doc>Types the given ``text`` into the text field identified by ``locator``.</doc>
<status status="PASS" start="2024-06-17T23:08:54.625973" elapsed="0.110086"/>
</kw>
<kw name="Input Password" owner="SeleniumLibrary">
<msg time="2024-06-17T23:08:54.737062" level="INFO">Typing password into text field 'id:password'.</msg>
<msg time="2024-06-17T23:08:54.764067" level="INFO">Temporally setting log level to: NONE</msg>
<arg>id:password</arg>
<arg>${password}</arg>
<doc>Types the given password into the text field identified by ``locator``.</doc>
<status status="PASS" start="2024-06-17T23:08:54.737062" elapsed="0.079517"/>
</kw>
<kw name="Click Button" owner="SeleniumLibrary">
<msg time="2024-06-17T23:08:54.816579" level="INFO">Clicking button 'signInBtn'.</msg>
<arg>signInBtn</arg>
<doc>Clicks the button identified by ``locator``.</doc>
<status status="PASS" start="2024-06-17T23:08:54.816579" elapsed="0.043006"/>
</kw>
<arg>${username}</arg>
<arg>${password}</arg>
<status status="PASS" start="2024-06-17T23:08:54.625973" elapsed="0.233612"/>
</kw>
<kw name="Wait until it checks and display error message">
<kw name="Wait Until Element Is Visible" owner="SeleniumLibrary">
<arg>${Error_Message_Login}</arg>
<doc>Waits until the element ``locator`` is visible.</doc>
<status status="PASS" start="2024-06-17T23:08:54.860586" elapsed="2.197260"/>
</kw>
<status status="PASS" start="2024-06-17T23:08:54.860586" elapsed="2.197260"/>
</kw>
<kw name="Verify error message is correct">
<kw name="Element Text Should Be" owner="SeleniumLibrary">
<msg time="2024-06-17T23:08:57.058847" level="INFO">Verifying element 'class:alert-danger' contains exact text 'Incorrect username/password.'.</msg>
<arg>${Error_Message_Login}</arg>
<arg>Incorrect username/password.</arg>
<doc>Verifies that element ``locator`` contains exact the text ``expected``.</doc>
<status status="PASS" start="2024-06-17T23:08:57.057846" elapsed="0.014512"/>
</kw>
<status status="PASS" start="2024-06-17T23:08:57.057846" elapsed="0.014512"/>
</kw>
<arg>username=rahulshetty</arg>
<arg>password=ploufg</arg>
<status status="PASS" start="2024-06-17T23:08:50.040777" elapsed="7.031581"/>
</kw>
<kw name="Close Browser" owner="SeleniumLibrary" type="TEARDOWN">
<doc>Closes the current browser.</doc>
<status status="PASS" start="2024-06-17T23:08:57.073359" elapsed="2.131904"/>
</kw>
<status status="PASS" start="2024-06-17T23:08:50.038776" elapsed="9.166487"/>
</test>
<test id="s1-t3" name="Special characters" line="12">
<kw name="Validate Unsuccessful Login">
<kw name="open the browser with the Mortgage payment url">
<kw name="Open Browser" owner="SeleniumLibrary">
<msg time="2024-06-17T23:08:59.208265" level="INFO">Opening browser 'chrome' to base url 'https://rahulshettyacademy.com/loginpagePractise/'.</msg>
<arg>https://rahulshettyacademy.com/loginpagePractise/</arg>
<arg>chrome</arg>
<doc>Opens a new browser instance to the optional ``url``.</doc>
<status status="PASS" start="2024-06-17T23:08:59.208265" elapsed="2.545909"/>
</kw>
<kw name="Sleep" owner="BuiltIn">
<msg time="2024-06-17T23:09:03.759325" level="INFO">Slept 2 seconds.</msg>
<arg>2s</arg>
<doc>Pauses the test executed for the given time.</doc>
<status status="PASS" start="2024-06-17T23:09:01.755177" elapsed="2.004148"/>
</kw>
<status status="PASS" start="2024-06-17T23:08:59.207267" elapsed="4.552058"/>
</kw>
<kw name="Fill the login form">
<kw name="Input Text" owner="SeleniumLibrary">
<msg time="2024-06-17T23:09:03.760327" level="INFO">Typing text '@#$' into text field 'id:username'.</msg>
<arg>id:username</arg>
<arg>${username}</arg>
<doc>Types the given ``text`` into the text field identified by ``locator``.</doc>
<status status="PASS" start="2024-06-17T23:09:03.760327" elapsed="0.076120"/>
</kw>
<kw name="Input Password" owner="SeleniumLibrary">
<msg time="2024-06-17T23:09:03.837450" level="INFO">Typing password into text field 'id:password'.</msg>
<msg time="2024-06-17T23:09:03.868457" level="INFO">Temporally setting log level to: NONE</msg>
<arg>id:password</arg>
<arg>${password}</arg>
<doc>Types the given password into the text field identified by ``locator``.</doc>
<status status="PASS" start="2024-06-17T23:09:03.836447" elapsed="0.092525"/>
</kw>
<kw name="Click Button" owner="SeleniumLibrary">
<msg time="2024-06-17T23:09:03.928972" level="INFO">Clicking button 'signInBtn'.</msg>
<arg>signInBtn</arg>
<doc>Clicks the button identified by ``locator``.</doc>
<status status="PASS" start="2024-06-17T23:09:03.928972" elapsed="0.046515"/>
</kw>
<arg>${username}</arg>
<arg>${password}</arg>
<status status="PASS" start="2024-06-17T23:09:03.759325" elapsed="0.216162"/>
</kw>
<kw name="Wait until it checks and display error message">
<kw name="Wait Until Element Is Visible" owner="SeleniumLibrary">
<arg>${Error_Message_Login}</arg>
<doc>Waits until the element ``locator`` is visible.</doc>
<status status="PASS" start="2024-06-17T23:09:03.976486" elapsed="2.207963"/>
</kw>
<status status="PASS" start="2024-06-17T23:09:03.976486" elapsed="2.208961"/>
</kw>
<kw name="Verify error message is correct">
<kw name="Element Text Should Be" owner="SeleniumLibrary">
<msg time="2024-06-17T23:09:06.185447" level="INFO">Verifying element 'class:alert-danger' contains exact text 'Incorrect username/password.'.</msg>
<arg>${Error_Message_Login}</arg>
<arg>Incorrect username/password.</arg>
<doc>Verifies that element ``locator`` contains exact the text ``expected``.</doc>
<status status="PASS" start="2024-06-17T23:09:06.185447" elapsed="0.014000"/>
</kw>
<status status="PASS" start="2024-06-17T23:09:06.185447" elapsed="0.014000"/>
</kw>
<arg>username=@#$</arg>
<arg>password=learning</arg>
<status status="PASS" start="2024-06-17T23:08:59.207267" elapsed="6.992180"/>
</kw>
<kw name="Close Browser" owner="SeleniumLibrary" type="TEARDOWN">
<doc>Closes the current browser.</doc>
<status status="PASS" start="2024-06-17T23:09:06.200448" elapsed="2.130895"/>
</kw>
<status status="PASS" start="2024-06-17T23:08:59.206269" elapsed="9.125074"/>
</test>
<doc>To validate Login form</doc>
<status status="PASS" start="2024-06-17T23:08:40.607315" elapsed="27.725028"/>
</suite>
<statistics>
<total>
<stat pass="3" fail="0" skip="0">All Tests</stat>
</total>
<tag>
</tag>
<suite>
<stat pass="3" fail="0" skip="0" id="s1" name="testDemo5">testDemo5</stat>
</suite>
</statistics>
<errors>
</errors>
</robot>
