<?xml version="1.0" encoding="UTF-8"?>
<robot generator="Robot 7.0 (Python 3.10.6 on win32)" generated="2024-06-07T18:00:03.439775" rpa="false" schemaversion="5">
<suite id="s1" name="testDemo3" source="C:\Users\danny\Documents\automation_development\robot_scripts\practice\Tests\testDemo3.robot">
<test id="s1-t1" name="Validate Child Window Functionality" line="14">
<kw name="open the browser with the Mortgage payment url" owner="resource" type="SETUP">
<kw name="Open Browser" owner="SeleniumLibrary">
<msg time="2024-06-07T18:00:03.622805" level="INFO">Opening browser 'chrome' to base url 'https://rahulshettyacademy.com/loginpagePractise/'.</msg>
<arg>${url}</arg>
<arg>chrome</arg>
<doc>Opens a new browser instance to the optional ``url``.</doc>
<status status="PASS" start="2024-06-07T18:00:03.622805" elapsed="2.993097"/>
</kw>
<status status="PASS" start="2024-06-07T18:00:03.621805" elapsed="2.994097"/>
</kw>
<kw name="Select the link of Child window">
<kw name="Click Element" owner="SeleniumLibrary">
<msg time="2024-06-07T18:00:06.617900" level="INFO">Clicking element 'css:.blinkingText'.</msg>
<arg>css:.blinkingText</arg>
<doc>Click the element identified by ``locator``.</doc>
<status status="PASS" start="2024-06-07T18:00:06.617900" elapsed="0.101405"/>
</kw>
<kw name="Sleep" owner="BuiltIn">
<msg time="2024-06-07T18:00:11.735800" level="INFO">Slept 5 seconds.</msg>
<arg>5</arg>
<doc>Pauses the test executed for the given time.</doc>
<status status="PASS" start="2024-06-07T18:00:06.719846" elapsed="5.015954"/>
</kw>
<status status="PASS" start="2024-06-07T18:00:06.616903" elapsed="5.118897"/>
</kw>
<kw name="Verify the user is Switched to Child window">
<kw name="Switch Window" owner="SeleniumLibrary">
<arg>NEW</arg>
<doc>Switches to browser window matching ``locator``.</doc>
<status status="PASS" start="2024-06-07T18:00:11.736802" elapsed="0.017512"/>
</kw>
<kw name="Element Text Should Be" owner="SeleniumLibrary">
<msg time="2024-06-07T18:00:11.754314" level="INFO">Verifying element 'css:h1' contains exact text 'DOCUMENTS REQUEST'.</msg>
<arg>css:h1</arg>
<arg>DOCUMENTS REQUEST</arg>
<doc>Verifies that element ``locator`` contains exact the text ``expected``.</doc>
<status status="PASS" start="2024-06-07T18:00:11.754314" elapsed="0.022002"/>
</kw>
<status status="PASS" start="2024-06-07T18:00:11.736802" elapsed="0.039514"/>
</kw>
<kw name="Grab the Email id in the Child Window">
<kw name="Get Text" owner="SeleniumLibrary">
<msg time="2024-06-07T18:00:11.797318" level="INFO">${text} = Please email us at mentor@rahulshettyacademy.com with below template to receive response</msg>
<var>${text}</var>
<arg>css:.red</arg>
<doc>Returns the text value of the element identified by ``locator``.</doc>
<status status="PASS" start="2024-06-07T18:00:11.777315" elapsed="0.021000"/>
</kw>
<kw name="Split String" owner="String">
<msg time="2024-06-07T18:00:11.799318" level="INFO">@{words} = [ Please email us  |  mentor@rahulshettyacademy.com with below templ | e to receive response ]</msg>
<var>@{words}</var>
<arg>${text}</arg>
<arg>at</arg>
<doc>Splits the ``string`` using ``separator`` as a delimiter string.</doc>
<status status="PASS" start="2024-06-07T18:00:11.798315" elapsed="0.001003"/>
</kw>
<kw name="Get From List" owner="Collections">
<msg time="2024-06-07T18:00:11.800317" level="INFO">${text_split} =  mentor@rahulshettyacademy.com with below templ</msg>
<var>${text_split}</var>
<arg>${words}</arg>
<arg>1</arg>
<doc>Returns the value specified with an ``index`` from ``list``.</doc>
<status status="PASS" start="2024-06-07T18:00:11.800317" elapsed="0.000000"/>
</kw>
<kw name="Split String" owner="String">
<msg time="2024-06-07T18:00:11.800317" level="INFO">@{final_split} = [ mentor@rahulshettyacademy.com | with | below | templ ]</msg>
<var>@{final_split}</var>
<arg>${text_split}</arg>
<doc>Splits the ``string`` using ``separator`` as a delimiter string.</doc>
<status status="PASS" start="2024-06-07T18:00:11.800317" elapsed="0.000000"/>
</kw>
<kw name="Get From List" owner="Collections">
<msg time="2024-06-07T18:00:11.801316" level="INFO">${email} = mentor@rahulshettyacademy.com</msg>
<var>${email}</var>
<arg>${final_split}</arg>
<arg>0</arg>
<doc>Returns the value specified with an ``index`` from ``list``.</doc>
<status status="PASS" start="2024-06-07T18:00:11.801316" elapsed="0.000000"/>
</kw>
<kw name="Set Global Variable" owner="BuiltIn">
<msg time="2024-06-07T18:00:11.801316" level="INFO">${email} = mentor@rahulshettyacademy.com</msg>
<arg>${email}</arg>
<doc>Makes a variable available globally in all tests and suites.</doc>
<status status="PASS" start="2024-06-07T18:00:11.801316" elapsed="0.000000"/>
</kw>
<status status="PASS" start="2024-06-07T18:00:11.777315" elapsed="0.024001"/>
</kw>
<kw name="Switch to Parent window and enter the Email">
<kw name="Switch Window" owner="SeleniumLibrary">
<arg>MAIN</arg>
<doc>Switches to browser window matching ``locator``.</doc>
<status status="PASS" start="2024-06-07T18:00:11.802318" elapsed="0.026999"/>
</kw>
<kw name="Title Should Be" owner="SeleniumLibrary">
<msg time="2024-06-07T18:00:11.841325" level="INFO">Page title is 'LoginPage Practise | Rahul Shetty Academy'.</msg>
<arg>LoginPage Practise | Rahul Shetty Academy</arg>
<doc>Verifies that the current page title equals ``title``.</doc>
<status status="PASS" start="2024-06-07T18:00:11.829317" elapsed="0.012008"/>
</kw>
<kw name="Input Text" owner="SeleniumLibrary">
<msg time="2024-06-07T18:00:11.842324" level="INFO">Typing text 'mentor@rahulshettyacademy.com' into text field 'id:username'.</msg>
<arg>id:username</arg>
<arg>${email}</arg>
<doc>Types the given ``text`` into the text field identified by ``locator``.</doc>
<status status="PASS" start="2024-06-07T18:00:11.841325" elapsed="0.193025"/>
</kw>
<kw name="Sleep" owner="BuiltIn">
<msg time="2024-06-07T18:00:15.044235" level="INFO">Slept 3 seconds.</msg>
<arg>3</arg>
<doc>Pauses the test executed for the given time.</doc>
<status status="PASS" start="2024-06-07T18:00:12.034350" elapsed="3.009885"/>
</kw>
<status status="PASS" start="2024-06-07T18:00:11.802318" elapsed="3.241917"/>
</kw>
<kw name="Close Browser" owner="SeleniumLibrary" type="TEARDOWN">
<doc>Closes the current browser.</doc>
<status status="PASS" start="2024-06-07T18:00:15.045234" elapsed="2.187133"/>
</kw>
<status status="PASS" start="2024-06-07T18:00:03.620803" elapsed="13.612088"/>
</test>
<doc>To validate Login form</doc>
<status status="PASS" start="2024-06-07T18:00:03.441774" elapsed="13.792163"/>
</suite>
<statistics>
<total>
<stat pass="1" fail="0" skip="0">All Tests</stat>
</total>
<tag>
</tag>
<suite>
<stat pass="1" fail="0" skip="0" id="s1" name="testDemo3">testDemo3</stat>
</suite>
</statistics>
<errors>
</errors>
</robot>
