<?xml version="1.0" encoding="UTF-8"?>
<robot generator="Robot 7.0 (Python 3.10.6 on win32)" generated="2024-06-06T17:48:45.440487" rpa="false" schemaversion="5">
<suite id="s1" name="testDemo2" source="C:\Users\danny\Documents\automation_development\robot_scripts\practice\Tests\testDemo2.robot">
<test id="s1-t1" name="Select the Form and navigate to Child window" line="25">
<kw name="open the browser with the Mortgage payment url" owner="resource" type="SETUP">
<kw name="Open Browser" owner="SeleniumLibrary">
<msg time="2024-06-06T17:48:45.605007" level="INFO">Opening browser 'chrome' to base url 'https://rahulshettyacademy.com/loginpagePractise/'.</msg>
<arg>${url}</arg>
<arg>chrome</arg>
<doc>Opens a new browser instance to the optional ``url``.</doc>
<status status="PASS" start="2024-06-06T17:48:45.604007" elapsed="2.889641"/>
</kw>
<status status="PASS" start="2024-06-06T17:48:45.604007" elapsed="2.890638"/>
</kw>
<kw name="Fill the Login Details and Form">
<kw name="Input Text" owner="SeleniumLibrary">
<msg time="2024-06-06T17:48:48.496647" level="INFO">Typing text 'rahulshettyacademy' into text field 'id:username'.</msg>
<arg>id:username</arg>
<arg>rahulshettyacademy</arg>
<doc>Types the given ``text`` into the text field identified by ``locator``.</doc>
<status status="PASS" start="2024-06-06T17:48:48.495648" elapsed="0.174067"/>
</kw>
<kw name="Input Password" owner="SeleniumLibrary">
<msg time="2024-06-06T17:48:48.670233" level="INFO">Typing password into text field 'id:password'.</msg>
<msg time="2024-06-06T17:48:48.705886" level="INFO">Temporally setting log level to: NONE</msg>
<arg>id:password</arg>
<arg>learning</arg>
<doc>Types the given password into the text field identified by ``locator``.</doc>
<status status="PASS" start="2024-06-06T17:48:48.670233" elapsed="0.117874"/>
</kw>
<kw name="Click Element" owner="SeleniumLibrary">
<msg time="2024-06-06T17:48:48.789108" level="INFO">Clicking element 'css:input[value='user']'.</msg>
<arg>css:input[value='user']</arg>
<doc>Click the element identified by ``locator``.</doc>
<status status="PASS" start="2024-06-06T17:48:48.788107" elapsed="0.049048"/>
</kw>
<kw name="Wait Until Element Is Visible" owner="SeleniumLibrary">
<arg>css:.modal-body</arg>
<doc>Waits until the element ``locator`` is visible.</doc>
<status status="PASS" start="2024-06-06T17:48:48.837155" elapsed="0.242041"/>
</kw>
<kw name="Click Button" owner="SeleniumLibrary">
<msg time="2024-06-06T17:48:49.079196" level="INFO">Clicking button 'okayBtn'.</msg>
<arg>okayBtn</arg>
<doc>Clicks the button identified by ``locator``.</doc>
<status status="PASS" start="2024-06-06T17:48:49.079196" elapsed="0.044520"/>
</kw>
<kw name="Select From List By Value" owner="SeleniumLibrary">
<msg time="2024-06-06T17:48:49.123716" level="INFO">Selecting options from selection list 'css:select.form-control' by value teach.</msg>
<arg>css:select.form-control</arg>
<arg>teach</arg>
<doc>Selects options from selection list ``locator`` by ``values``.</doc>
<status status="PASS" start="2024-06-06T17:48:49.123716" elapsed="0.060000"/>
</kw>
<kw name="Select Checkbox" owner="SeleniumLibrary">
<msg time="2024-06-06T17:48:49.183716" level="INFO">Selecting checkbox 'terms'.</msg>
<msg time="2024-06-06T17:48:50.656604" level="INFO" html="true">&lt;/td&gt;&lt;/tr&gt;&lt;tr&gt;&lt;td colspan="3"&gt;&lt;a href="selenium-screenshot-3.png"&gt;&lt;img src="selenium-screenshot-3.png" width="800px"&gt;&lt;/a&gt;</msg>
<msg time="2024-06-06T17:48:50.656604" level="FAIL">ElementClickInterceptedException: Message: element click intercepted: Element &lt;input id="terms" name="terms" type="checkbox"&gt; is not clickable at point (397, 486). Other element would receive the click: &lt;div id="myModal" class="modal fade show" style="display: block;"&gt;...&lt;/div&gt;
  (Session info: chrome=125.0.6422.142)
Stacktrace:
	GetHandleVerifier [0x00007FF694D71F52+60322]
	(No symbol) [0x00007FF694CECEC9]
	(No symbol) [0x00007FF694BA7EBA]
	(No symbol) [0x00007FF694BFF32E]
	(No symbol) [0x00007FF694BFCCF2]
	(No symbol) [0x00007FF694BFA18B]
	(No symbol) [0x00007FF694BF9356]
	(No symbol) [0x00007FF694BEB491]
	(No symbol) [0x00007FF694C1C21A]
	(No symbol) [0x00007FF694BEADB6]
	(No symbol) [0x00007FF694C1C430]
	(No symbol) [0x00007FF694C3BC80]
	(No symbol) [0x00007FF694C1BFC3]
	(No symbol) [0x00007FF694BE9617]
	(No symbol) [0x00007FF694BEA211]
	GetHandleVerifier [0x00007FF6950894AD+3301629]
	GetHandleVerifier [0x00007FF6950D36D3+3605283]
	GetHandleVerifier [0x00007FF6950C9450+3563680]
	GetHandleVerifier [0x00007FF694E24326+790390]
	(No symbol) [0x00007FF694CF750F]
	(No symbol) [0x00007FF694CF3404]
	(No symbol) [0x00007FF694CF3592]
	(No symbol) [0x00007FF694CE2F9F]
	BaseThreadInitThunk [0x00007FFB76CF257D+29]
	RtlUserThreadStart [0x00007FFB7842AA48+40]
</msg>
<arg>terms</arg>
<doc>Selects the checkbox identified by ``locator``.</doc>
<status status="FAIL" start="2024-06-06T17:48:49.183716" elapsed="1.476517">ElementClickInterceptedException: Message: element click intercepted: Element &lt;input id="terms" name="terms" type="checkbox"&gt; is not clickable at point (397, 486). Other element would receive the click: &lt;div id="myModal" class="modal fade show" style="display: block;"&gt;...&lt;/div&gt;
  (Session info: chrome=125.0.6422.142)
Stacktrace:
	GetHandleVerifier [0x00007FF694D71F52+60322]
	(No symbol) [0x00007FF694CECEC9]
	(No symbol) [0x00007FF694BA7EBA]
	(No symbol) [0x00007FF694BFF32E]
	(No symbol) [0x00007FF694BFCCF2]
	(No symbol) [0x00007FF694BFA18B]
	(No symbol) [0x00007FF694BF9356]
	(No symbol) [0x00007FF694BEB491]
	(No symbol) [0x00007FF694C1C21A]
	(No symbol) [0x00007FF694BEADB6]
	(No symbol) [0x00007FF694C1C430]
	(No symbol) [0x00007FF694C3BC80]
	(No symbol) [0x00007FF694C1BFC3]
	(No symbol) [0x00007FF694BE9617]
	(No symbol) [0x00007FF694BEA211]
	GetHandleVerifier [0x00007FF6950894AD+3301629]
	GetHandleVerifier [0x00007FF6950D36D3+3605283]
	GetHandleVerifier [0x00007FF6950C9450+3563680]
	GetHandleVerifier [0x00007FF694E24326+790390]
	(No symbol) [0x00007FF694CF750F]
	(No symbol) [0x00007FF694CF3404]
	(No symbol) [0x00007FF694CF3592]
	(No symbol) [0x00007FF694CE2F9F]
	BaseThreadInitThunk [0x00007FFB76CF257D+29]
	RtlUserThreadStart [0x00007FFB7842AA48+40]
</status>
</kw>
<kw name="Checkbox Should Be Selected" owner="SeleniumLibrary">
<arg>terms</arg>
<doc>Verifies checkbox ``locator`` is selected/checked.</doc>
<status status="NOT RUN" start="2024-06-06T17:48:50.661239" elapsed="0.000000"/>
</kw>
<status status="FAIL" start="2024-06-06T17:48:48.495648" elapsed="2.165783">ElementClickInterceptedException: Message: element click intercepted: Element &lt;input id="terms" name="terms" type="checkbox"&gt; is not clickable at point (397, 486). Other element would receive the click: &lt;div id="myModal" class="modal fade show" style="display: block;"&gt;...&lt;/div&gt;
  (Session info: chrome=125.0.6422.142)
Stacktrace:
	GetHandleVerifier [0x00007FF694D71F52+60322]
	(No symbol) [0x00007FF694CECEC9]
	(No symbol) [0x00007FF694BA7EBA]
	(No symbol) [0x00007FF694BFF32E]
	(No symbol) [0x00007FF694BFCCF2]
	(No symbol) [0x00007FF694BFA18B]
	(No symbol) [0x00007FF694BF9356]
	(No symbol) [0x00007FF694BEB491]
	(No symbol) [0x00007FF694C1C21A]
	(No symbol) [0x00007FF694BEADB6]
	(No symbol) [0x00007FF694C1C430]
	(No symbol) [0x00007FF694C3BC80]
	(No symbol) [0x00007FF694C1BFC3]
	(No symbol) [0x00007FF694BE9617]
	(No symbol) [0x00007FF694BEA211]
	GetHandleVerifier [0x00007FF6950894AD+3301629]
	GetHandleVerifier [0x00007FF6950D36D3+3605283]
	GetHandleVerifier [0x00007FF6950C9450+3563680]
	GetHandleVerifier [0x00007FF694E24326+790390]
	(No symbol) [0x00007FF694CF750F]
	(No symbol) [0x00007FF694CF3404]
	(No symbol) [0x00007FF694CF3592]
	(No symbol) [0x00007FF694CE2F9F]
	BaseThreadInitThunk [0x00007FFB76CF257D+29]
	RtlUserThreadStart [0x00007FFB7842AA48+40]
</status>
</kw>
<kw name="Close Browser session" owner="resource" type="TEARDOWN">
<kw name="Close Browser" owner="SeleniumLibrary">
<doc>Closes the current browser.</doc>
<status status="PASS" start="2024-06-06T17:48:50.662435" elapsed="3.652570"/>
</kw>
<status status="PASS" start="2024-06-06T17:48:50.661431" elapsed="3.653574"/>
</kw>
<status status="FAIL" start="2024-06-06T17:48:45.603005" elapsed="8.712000">ElementClickInterceptedException: Message: element click intercepted: Element &lt;input id="terms" name="terms" type="checkbox"&gt; is not clickable at point (397, 486). Other element would receive the click: &lt;div id="myModal" class="modal fade show" style="display: block;"&gt;...&lt;/div&gt;
  (Session info: chrome=125.0.6422.142)
Stacktrace:
	GetHandleVerifier [0x00007FF694D71F52+60322]
	(No symbol) [0x00007FF694CECEC9]
	(No symbol) [0x00007FF694BA7EBA]
	(No symbol) [0x00007FF694BFF32E]
	(No symbol) [0x00007FF694BFCCF2]
	(No symbol) [0x00007FF694BFA18B]
	(No symbol) [0x00007FF694BF9356]
	(No symbol) [0x00007FF694BEB491]
	(No symbol) [0x00007FF694C1C21A]
	(No symbol) [0x00007FF694BEADB6]
	(No symbol) [0x00007FF694C1C430]
	(No symbol) [0x00007FF694C3BC80]
	(No symbol) [0x00007FF694C1BFC3]
	(No symbol) [0x00007FF694BE9617]
	(No symbol) [0x00007FF694BEA211]
	GetHandleVerifier [0x00007FF6950894AD+3301629]
	GetHandleVerifier [0x00007FF6950D36D3+3605283]
	GetHandleVerifier [0x00007FF6950C9450+3563680]
	GetHandleVerifier [0x00007FF694E24326+790390]
	(No symbol) [0x00007FF694CF750F]
	(No symbol) [0x00007FF694CF3404]
	(No symbol) [0x00007FF694CF3592]
	(No symbol) [0x00007FF694CE2F9F]
	BaseThreadInitThunk [0x00007FFB76CF257D+29]
	RtlUserThreadStart [0x00007FFB7842AA48+40]
</status>
</test>
<doc>To validate Login form</doc>
<status status="FAIL" start="2024-06-06T17:48:45.441488" elapsed="8.874514"/>
</suite>
<statistics>
<total>
<stat pass="0" fail="1" skip="0">All Tests</stat>
</total>
<tag>
</tag>
<suite>
<stat pass="0" fail="1" skip="0" id="s1" name="testDemo2">testDemo2</stat>
</suite>
</statistics>
<errors>
</errors>
</robot>
