<?xml version="1.0" encoding="UTF-8"?>
<robot generator="Robot 7.0 (Python 3.10.6 on win32)" generated="2024-06-23T18:57:11.985387" rpa="false" schemaversion="5">
<suite id="s1" name="testDemo6" source="C:\Users\danny\Documents\automation_development\robot_scripts\practice\Tests\testDemo6.robot">
<test id="s1-t1" name="Validate Cards display in the Shopping Page" line="28">
<kw name="open the browser with the Mortgage payment url" owner="Generic" type="SETUP">
<kw name="Open Browser" owner="SeleniumLibrary">
<msg time="2024-06-23T18:57:12.162185" level="INFO">Opening browser 'chrome' to base url 'https://rahulshettyacademy.com/loginpagePractise/'.</msg>
<msg time="2024-06-23T18:57:12.651037" level="WARN">The chromedriver version (125.0.6422.141) detected in PATH at C:\bin\chromedriver.exe might not be compatible with the detected chrome version (126.0.6478.114); currently, chromedriver 126.0.6478.63 is recommended for chrome 126.*, so it is advised to delete the driver in PATH and retry</msg>
<arg>${url}</arg>
<arg>chrome</arg>
<doc>Opens a new browser instance to the optional ``url``.</doc>
<status status="PASS" start="2024-06-23T18:57:12.162185" elapsed="2.712072"/>
</kw>
<status status="PASS" start="2024-06-23T18:57:12.161185" elapsed="2.713072"/>
</kw>
<kw name="Fill the login form" owner="LandingPage">
<kw name="Input Text" owner="SeleniumLibrary">
<msg time="2024-06-23T18:57:14.876258" level="INFO">Typing text 'rahulshettyacademy' into text field 'id:username'.</msg>
<arg>id:username</arg>
<arg>${username}</arg>
<doc>Types the given ``text`` into the text field identified by ``locator``.</doc>
<status status="PASS" start="2024-06-23T18:57:14.876258" elapsed="0.155581"/>
</kw>
<kw name="Input Password" owner="SeleniumLibrary">
<msg time="2024-06-23T18:57:15.032841" level="INFO">Typing password into text field 'id:password'.</msg>
<msg time="2024-06-23T18:57:15.058840" level="INFO">Temporally setting log level to: NONE</msg>
<arg>id:password</arg>
<arg>${password}</arg>
<doc>Types the given password into the text field identified by ``locator``.</doc>
<status status="PASS" start="2024-06-23T18:57:15.032841" elapsed="0.090305"/>
</kw>
<kw name="Click Button" owner="SeleniumLibrary">
<msg time="2024-06-23T18:57:15.123146" level="INFO">Clicking button 'signInBtn'.</msg>
<arg>signInBtn</arg>
<doc>Clicks the button identified by ``locator``.</doc>
<status status="PASS" start="2024-06-23T18:57:15.123146" elapsed="0.043000"/>
</kw>
<arg>${user_name}</arg>
<arg>${valid_password}</arg>
<status status="PASS" start="2024-06-23T18:57:14.875258" elapsed="0.290888"/>
</kw>
<kw name="Wait until Element is visible on the page" owner="ShopPage">
<kw name="Wait Until element passed is located on Page" owner="Generic">
<kw name="Wait Until Element Is Visible" owner="SeleniumLibrary">
<arg>${page_locator}</arg>
<doc>Waits until the element ``locator`` is visible.</doc>
<status status="PASS" start="2024-06-23T18:57:15.167145" elapsed="4.659849"/>
</kw>
<arg>${Shop_page_load}</arg>
<status status="PASS" start="2024-06-23T18:57:15.167145" elapsed="4.659849"/>
</kw>
<status status="PASS" start="2024-06-23T18:57:15.167145" elapsed="4.659849"/>
</kw>
<kw name="Verify Card titles in the Shop page" owner="ShopPage">
<kw name="Create List" owner="BuiltIn">
<msg time="2024-06-23T18:57:19.827993" level="INFO">@{expectedList} = [ iphone X | Samsung Note 8 | Nokia Edge | Blackberry ]</msg>
<var>@{expectedList}</var>
<arg>iphone X</arg>
<arg>Samsung Note 8</arg>
<arg>Nokia Edge</arg>
<arg>Blackberry</arg>
<doc>Returns a list containing given items.</doc>
<status status="PASS" start="2024-06-23T18:57:19.827993" elapsed="0.000000"/>
</kw>
<kw name="Get WebElements" owner="SeleniumLibrary">
<msg time="2024-06-23T18:57:19.835993" level="INFO">${elements} = [&lt;selenium.webdriver.remote.webelement.WebElement (session="804f6d621a6588bcdc8fc19ec8d6dcd9", element="f.E34DE2780FF3CBA4EC97F730C5D9E07C.d.D1F095ADEC38566171F472379A663E3E.e.67")&gt;, &lt;selenium.webdriv...</msg>
<var>${elements}</var>
<arg>css:.card-title</arg>
<doc>Returns a list of WebElement objects matching the ``locator``.</doc>
<status status="PASS" start="2024-06-23T18:57:19.827993" elapsed="0.009001"/>
</kw>
<kw name="Create List" owner="BuiltIn">
<msg time="2024-06-23T18:57:19.836994" level="INFO">@{actualList} = [ ]</msg>
<var>@{actualList}</var>
<doc>Returns a list containing given items.</doc>
<status status="PASS" start="2024-06-23T18:57:19.836994" elapsed="0.000000"/>
</kw>
<for flavor="IN">
<iter>
<kw name="Log" owner="BuiltIn">
<msg time="2024-06-23T18:57:19.848993" level="INFO">iphone X</msg>
<arg>${element.text}</arg>
<doc>Logs the given message with the given level.</doc>
<status status="PASS" start="2024-06-23T18:57:19.836994" elapsed="0.011999"/>
</kw>
<kw name="Append To List" owner="Collections">
<arg>${actualList}</arg>
<arg>${element.text}</arg>
<doc>Adds ``values`` to the end of ``list``.</doc>
<status status="PASS" start="2024-06-23T18:57:19.849994" elapsed="0.009003"/>
</kw>
<var name="${element}">&lt;selenium.webdriver.remote.webelement.WebElement (session="804f6d621a6588bcdc8fc19ec8d6dcd9", element="f.E34DE2780FF3CBA4EC97F730C5D9E07C.d.D1F095ADEC38566171F472379A663E3E.e.67")&gt;</var>
<status status="PASS" start="2024-06-23T18:57:19.836994" elapsed="0.022003"/>
</iter>
<iter>
<kw name="Log" owner="BuiltIn">
<msg time="2024-06-23T18:57:19.871995" level="INFO">Samsung Note 8</msg>
<arg>${element.text}</arg>
<doc>Logs the given message with the given level.</doc>
<status status="PASS" start="2024-06-23T18:57:19.859999" elapsed="0.011996"/>
</kw>
<kw name="Append To List" owner="Collections">
<arg>${actualList}</arg>
<arg>${element.text}</arg>
<doc>Adds ``values`` to the end of ``list``.</doc>
<status status="PASS" start="2024-06-23T18:57:19.872993" elapsed="0.007001"/>
</kw>
<var name="${element}">&lt;selenium.webdriver.remote.webelement.WebElement (session="804f6d621a6588bcdc8fc19ec8d6dcd9", element="f.E34DE2780FF3CBA4EC97F730C5D9E07C.d.D1F095ADEC38566171F472379A663E3E.e.68")&gt;</var>
<status status="PASS" start="2024-06-23T18:57:19.859999" elapsed="0.019995"/>
</iter>
<iter>
<kw name="Log" owner="BuiltIn">
<msg time="2024-06-23T18:57:19.886993" level="INFO">Nokia Edge</msg>
<arg>${element.text}</arg>
<doc>Logs the given message with the given level.</doc>
<status status="PASS" start="2024-06-23T18:57:19.879994" elapsed="0.006999"/>
</kw>
<kw name="Append To List" owner="Collections">
<arg>${actualList}</arg>
<arg>${element.text}</arg>
<doc>Adds ``values`` to the end of ``list``.</doc>
<status status="PASS" start="2024-06-23T18:57:19.886993" elapsed="0.005000"/>
</kw>
<var name="${element}">&lt;selenium.webdriver.remote.webelement.WebElement (session="804f6d621a6588bcdc8fc19ec8d6dcd9", element="f.E34DE2780FF3CBA4EC97F730C5D9E07C.d.D1F095ADEC38566171F472379A663E3E.e.69")&gt;</var>
<status status="PASS" start="2024-06-23T18:57:19.879994" elapsed="0.011999"/>
</iter>
<iter>
<kw name="Log" owner="BuiltIn">
<msg time="2024-06-23T18:57:19.898999" level="INFO">Blackberry</msg>
<arg>${element.text}</arg>
<doc>Logs the given message with the given level.</doc>
<status status="PASS" start="2024-06-23T18:57:19.892994" elapsed="0.006005"/>
</kw>
<kw name="Append To List" owner="Collections">
<arg>${actualList}</arg>
<arg>${element.text}</arg>
<doc>Adds ``values`` to the end of ``list``.</doc>
<status status="PASS" start="2024-06-23T18:57:19.898999" elapsed="0.007000"/>
</kw>
<var name="${element}">&lt;selenium.webdriver.remote.webelement.WebElement (session="804f6d621a6588bcdc8fc19ec8d6dcd9", element="f.E34DE2780FF3CBA4EC97F730C5D9E07C.d.D1F095ADEC38566171F472379A663E3E.e.70")&gt;</var>
<status status="PASS" start="2024-06-23T18:57:19.892994" elapsed="0.013005"/>
</iter>
<var>${element}</var>
<value>@{elements}</value>
<status status="PASS" start="2024-06-23T18:57:19.836994" elapsed="0.069005"/>
</for>
<kw name="Lists Should Be Equal" owner="Collections">
<msg time="2024-06-23T18:57:19.905999" level="INFO">False</msg>
<arg>${expectedList}</arg>
<arg>${actualList}</arg>
<doc>Fails if given lists are unequal.</doc>
<status status="PASS" start="2024-06-23T18:57:19.905999" elapsed="0.000000"/>
</kw>
<status status="PASS" start="2024-06-23T18:57:19.827993" elapsed="0.078006"/>
</kw>
<kw name="Add Items To Cart And Checkout" owner="Shop">
<msg time="2024-06-23T18:57:19.929056" level="INFO">Clicking button 'xpath:(//*[@class='card-footer'])[3]/button'.</msg>
<msg time="2024-06-23T18:57:19.990055" level="INFO">Clicking button 'xpath:(//*[@class='card-footer'])[4]/button'.</msg>
<msg time="2024-06-23T18:57:20.033079" level="INFO">Clicking link 'css:li.active a'.</msg>
<arg>${listOfProducts}</arg>
<status status="PASS" start="2024-06-23T18:57:19.906999" elapsed="0.167078"/>
</kw>
<kw name="Verify items in the Checkout Page and Proceed" owner="CheckoutPage">
<kw name="Click Element" owner="SeleniumLibrary">
<msg time="2024-06-23T18:57:20.075077" level="INFO">Clicking element 'css:.btn-success'.</msg>
<arg>css:.btn-success</arg>
<doc>Click the element identified by ``locator``.</doc>
<status status="PASS" start="2024-06-23T18:57:20.075077" elapsed="0.048181"/>
</kw>
<status status="PASS" start="2024-06-23T18:57:20.074077" elapsed="0.050185"/>
</kw>
<kw name="Enter the Country and select the terms" owner="ConfirmationPage">
<kw name="Input Text" owner="SeleniumLibrary">
<msg time="2024-06-23T18:57:20.125258" level="INFO">Typing text 'United States of America' into text field 'country'.</msg>
<arg>country</arg>
<arg>${country_name}</arg>
<doc>Types the given ``text`` into the text field identified by ``locator``.</doc>
<status status="PASS" start="2024-06-23T18:57:20.125258" elapsed="0.187175"/>
</kw>
<kw name="Sleep" owner="BuiltIn">
<msg time="2024-06-23T18:57:28.315156" level="INFO">Slept 8 seconds.</msg>
<arg>8s</arg>
<doc>Pauses the test executed for the given time.</doc>
<status status="PASS" start="2024-06-23T18:57:20.312960" elapsed="8.002196"/>
</kw>
<kw name="Wait Until element passed is located on Page" owner="Generic">
<kw name="Wait Until Element Is Visible" owner="SeleniumLibrary">
<arg>${page_locator}</arg>
<doc>Waits until the element ``locator`` is visible.</doc>
<status status="PASS" start="2024-06-23T18:57:28.317156" elapsed="0.015511"/>
</kw>
<arg>//a[text()='${country_name}']</arg>
<status status="PASS" start="2024-06-23T18:57:28.316157" elapsed="0.017511"/>
</kw>
<kw name="Click Element" owner="SeleniumLibrary">
<msg time="2024-06-23T18:57:28.333668" level="INFO">Clicking element '//a[text()='United States of America']'.</msg>
<arg>//a[text()='${country_name}']</arg>
<doc>Click the element identified by ``locator``.</doc>
<status status="PASS" start="2024-06-23T18:57:28.333668" elapsed="0.031001"/>
</kw>
<kw name="Click Element" owner="SeleniumLibrary">
<msg time="2024-06-23T18:57:28.365703" level="INFO">Clicking element 'css:.checkbox label'.</msg>
<arg>css:.checkbox label</arg>
<doc>Click the element identified by ``locator``.</doc>
<status status="PASS" start="2024-06-23T18:57:28.364669" elapsed="0.033987"/>
</kw>
<arg>${country_name}</arg>
<status status="PASS" start="2024-06-23T18:57:20.124262" elapsed="8.274394"/>
</kw>
<kw name="Purchase the Product and Confirm the Purchase" owner="ConfirmationPage">
<kw name="Click Button" owner="SeleniumLibrary">
<msg time="2024-06-23T18:57:28.399658" level="INFO">Clicking button 'css:.btn-success'.</msg>
<arg>css:.btn-success</arg>
<doc>Clicks the button identified by ``locator``.</doc>
<status status="PASS" start="2024-06-23T18:57:28.399658" elapsed="0.043516"/>
</kw>
<kw name="Page Should Contain" owner="SeleniumLibrary">
<msg time="2024-06-23T18:57:28.463173" level="INFO">Current page contains text 'Success!'.</msg>
<arg>Success!</arg>
<doc>Verifies that current page contains ``text``.</doc>
<status status="PASS" start="2024-06-23T18:57:28.444174" elapsed="0.018999"/>
</kw>
<status status="PASS" start="2024-06-23T18:57:28.399658" elapsed="0.063515"/>
</kw>
<kw name="Close Browser session" owner="Generic" type="TEARDOWN">
<kw name="Close Browser" owner="SeleniumLibrary">
<doc>Closes the current browser.</doc>
<status status="PASS" start="2024-06-23T18:57:28.464173" elapsed="2.541504"/>
</kw>
<status status="PASS" start="2024-06-23T18:57:28.464173" elapsed="2.542508"/>
</kw>
<status status="PASS" start="2024-06-23T18:57:12.161185" elapsed="18.845496"/>
</test>
<doc>To validate Login form</doc>
<status status="PASS" start="2024-06-23T18:57:11.986386" elapsed="19.021303"/>
</suite>
<statistics>
<total>
<stat pass="1" fail="0" skip="0">All Tests</stat>
</total>
<tag>
</tag>
<suite>
<stat pass="1" fail="0" skip="0" id="s1" name="testDemo6">testDemo6</stat>
</suite>
</statistics>
<errors>
<msg time="2024-06-23T18:57:12.651037" level="WARN">The chromedriver version (125.0.6422.141) detected in PATH at C:\bin\chromedriver.exe might not be compatible with the detected chrome version (126.0.6478.114); currently, chromedriver 126.0.6478.63 is recommended for chrome 126.*, so it is advised to delete the driver in PATH and retry</msg>
</errors>
</robot>
