<?xml version="1.0" encoding="UTF-8"?>
<robot generator="Robot 7.0 (Python 3.10.6 on win32)" generated="2024-06-22T18:14:14.968069" rpa="false" schemaversion="5">
<suite id="s1" name="testDemo6" source="C:\Users\danny\Documents\automation_development\robot_scripts\practice\Tests\testDemo6.robot">
<test id="s1-t1" name="Validate Unsuccessful Login" line="18">
<kw name="open the browser with the Mortgage payment url" owner="Generic" type="SETUP">
<kw name="Open Browser" owner="SeleniumLibrary">
<msg time="2024-06-22T18:14:15.183443" level="INFO">Opening browser 'chrome' to base url 'https://rahulshettyacademy.com/loginpagePractise/'.</msg>
<msg time="2024-06-22T18:14:15.708721" level="WARN">The chromedriver version (125.0.6422.141) detected in PATH at C:\bin\chromedriver.exe might not be compatible with the detected chrome version (126.0.6478.114); currently, chromedriver 126.0.6478.63 is recommended for chrome 126.*, so it is advised to delete the driver in PATH and retry</msg>
<arg>${url}</arg>
<arg>chrome</arg>
<doc>Opens a new browser instance to the optional ``url``.</doc>
<status status="PASS" start="2024-06-22T18:14:15.182917" elapsed="2.802297"/>
</kw>
<status status="PASS" start="2024-06-22T18:14:15.182387" elapsed="2.802827"/>
</kw>
<kw name="Fill the login form" owner="LandingPage">
<kw name="Input Text" owner="SeleniumLibrary">
<msg time="2024-06-22T18:14:17.987215" level="INFO">Typing text 'rahulshettyacademy' into text field 'id:username'.</msg>
<arg>id:username</arg>
<arg>${username}</arg>
<doc>Types the given ``text`` into the text field identified by ``locator``.</doc>
<status status="PASS" start="2024-06-22T18:14:17.987215" elapsed="0.155926"/>
</kw>
<kw name="Input Password" owner="SeleniumLibrary">
<msg time="2024-06-22T18:14:18.144138" level="INFO">Typing password into text field 'id:password'.</msg>
<msg time="2024-06-22T18:14:18.184138" level="INFO">Temporally setting log level to: NONE</msg>
<arg>id:password</arg>
<arg>${password}</arg>
<doc>Types the given password into the text field identified by ``locator``.</doc>
<status status="PASS" start="2024-06-22T18:14:18.144138" elapsed="0.097035"/>
</kw>
<kw name="Click Button" owner="SeleniumLibrary">
<msg time="2024-06-22T18:14:18.242173" level="INFO">Clicking button 'signInBtn'.</msg>
<arg>signInBtn</arg>
<doc>Clicks the button identified by ``locator``.</doc>
<status status="PASS" start="2024-06-22T18:14:18.241173" elapsed="0.046996"/>
</kw>
<arg>${user_name}</arg>
<arg>${invalid_password}</arg>
<status status="PASS" start="2024-06-22T18:14:17.986215" elapsed="0.301954"/>
</kw>
<kw name="Wait until Element is visible on the page" owner="LandingPage">
<kw name="Wait Until element passed is located on Page" owner="Generic">
<kw name="Wait Until Element Is Visible" owner="SeleniumLibrary">
<arg>${page_locator}</arg>
<doc>Waits until the element ``locator`` is visible.</doc>
<status status="PASS" start="2024-06-22T18:14:18.289170" elapsed="2.201151"/>
</kw>
<arg>${Error_Message_Login}</arg>
<status status="PASS" start="2024-06-22T18:14:18.289170" elapsed="2.201151"/>
</kw>
<status status="PASS" start="2024-06-22T18:14:18.289170" elapsed="2.201151"/>
</kw>
<kw name="Verify error message is correct" owner="LandingPage">
<kw name="Get Text" owner="SeleniumLibrary">
<msg time="2024-06-22T18:14:20.507324" level="INFO">${result} = Incorrect username/password.</msg>
<var>${result}</var>
<arg>${Error_Message_Login}</arg>
<doc>Returns the text value of the element identified by ``locator``.</doc>
<status status="PASS" start="2024-06-22T18:14:20.491320" elapsed="0.016004"/>
</kw>
<kw name="Should Be Equal As Strings" owner="BuiltIn">
<arg>${result}</arg>
<arg>Incorrect username/password.</arg>
<doc>Fails if objects are unequal after converting them to strings.</doc>
<status status="PASS" start="2024-06-22T18:14:20.507324" elapsed="0.000000"/>
</kw>
<kw name="Element Text Should Be" owner="SeleniumLibrary">
<msg time="2024-06-22T18:14:20.508333" level="INFO">Verifying element 'class:alert-danger' contains exact text 'Incorrect username/password.'.</msg>
<arg>${Error_Message_Login}</arg>
<arg>Incorrect username/password.</arg>
<doc>Verifies that element ``locator`` contains exact the text ``expected``.</doc>
<status status="PASS" start="2024-06-22T18:14:20.507324" elapsed="0.014006"/>
</kw>
<status status="PASS" start="2024-06-22T18:14:20.491320" elapsed="0.030010"/>
</kw>
<kw name="Close Browser session" owner="Generic" type="TEARDOWN">
<kw name="Close Browser" owner="SeleniumLibrary">
<doc>Closes the current browser.</doc>
<status status="PASS" start="2024-06-22T18:14:20.522835" elapsed="2.130115"/>
</kw>
<status status="PASS" start="2024-06-22T18:14:20.521330" elapsed="2.131620"/>
</kw>
<status status="PASS" start="2024-06-22T18:14:15.181856" elapsed="7.471094"/>
</test>
<test id="s1-t2" name="Validate Cards display in the Shopping Page" line="25">
<kw name="open the browser with the Mortgage payment url" owner="Generic" type="SETUP">
<kw name="Open Browser" owner="SeleniumLibrary">
<msg time="2024-06-22T18:14:22.654948" level="INFO">Opening browser 'chrome' to base url 'https://rahulshettyacademy.com/loginpagePractise/'.</msg>
<msg time="2024-06-22T18:14:23.054004" level="WARN">The chromedriver version (125.0.6422.141) detected in PATH at C:\bin\chromedriver.exe might not be compatible with the detected chrome version (126.0.6478.114); currently, chromedriver 126.0.6478.63 is recommended for chrome 126.*, so it is advised to delete the driver in PATH and retry</msg>
<arg>${url}</arg>
<arg>chrome</arg>
<doc>Opens a new browser instance to the optional ``url``.</doc>
<status status="PASS" start="2024-06-22T18:14:22.654948" elapsed="2.725485"/>
</kw>
<status status="PASS" start="2024-06-22T18:14:22.653947" elapsed="2.726486"/>
</kw>
<kw name="Fill the login form" owner="LandingPage">
<kw name="Input Text" owner="SeleniumLibrary">
<msg time="2024-06-22T18:14:25.382431" level="INFO">Typing text 'rahulshettyacademy' into text field 'id:username'.</msg>
<arg>id:username</arg>
<arg>${username}</arg>
<doc>Types the given ``text`` into the text field identified by ``locator``.</doc>
<status status="PASS" start="2024-06-22T18:14:25.382431" elapsed="0.178125"/>
</kw>
<kw name="Input Password" owner="SeleniumLibrary">
<msg time="2024-06-22T18:14:25.561615" level="INFO">Typing password into text field 'id:password'.</msg>
<msg time="2024-06-22T18:14:25.594115" level="INFO">Temporally setting log level to: NONE</msg>
<arg>id:password</arg>
<arg>${password}</arg>
<doc>Types the given password into the text field identified by ``locator``.</doc>
<status status="PASS" start="2024-06-22T18:14:25.561084" elapsed="0.107475"/>
</kw>
<kw name="Click Button" owner="SeleniumLibrary">
<msg time="2024-06-22T18:14:25.669599" level="INFO">Clicking button 'signInBtn'.</msg>
<arg>signInBtn</arg>
<doc>Clicks the button identified by ``locator``.</doc>
<status status="PASS" start="2024-06-22T18:14:25.669086" elapsed="0.049096"/>
</kw>
<arg>${user_name}</arg>
<arg>${valid_password}</arg>
<status status="PASS" start="2024-06-22T18:14:25.381431" elapsed="0.336751"/>
</kw>
<kw name="Wait until Element is visible on the page" owner="ShopPage">
<kw name="Wait Until element passed is located on Page" owner="Generic">
<kw name="Wait Until Element Is Visible" owner="SeleniumLibrary">
<arg>${page_locator}</arg>
<doc>Waits until the element ``locator`` is visible.</doc>
<status status="PASS" start="2024-06-22T18:14:25.719183" elapsed="4.698067"/>
</kw>
<arg>${Shop_page_load}</arg>
<status status="PASS" start="2024-06-22T18:14:25.719183" elapsed="4.698067"/>
</kw>
<status status="PASS" start="2024-06-22T18:14:25.719183" elapsed="4.698067"/>
</kw>
<kw name="Verify Card titles in the Shop page" owner="ShopPage">
<kw name="Create List" owner="BuiltIn">
<msg time="2024-06-22T18:14:30.418247" level="INFO">@{expectedList} = [ iphone X | Samsung Note 8 | Nokia Edge | Blackberry ]</msg>
<var>@{expectedList}</var>
<arg>iphone X</arg>
<arg>Samsung Note 8</arg>
<arg>Nokia Edge</arg>
<arg>Blackberry</arg>
<doc>Returns a list containing given items.</doc>
<status status="PASS" start="2024-06-22T18:14:30.418247" elapsed="0.000000"/>
</kw>
<kw name="Get WebElements" owner="SeleniumLibrary">
<msg time="2024-06-22T18:14:30.432781" level="INFO">${elements} = [&lt;selenium.webdriver.remote.webelement.WebElement (session="309fa44e2c8086315bd53c835ffb2441", element="f.2F4CAA443A5C50381621B7B60B087B26.d.473DD730987CC67E952873914341A728.e.67")&gt;, &lt;selenium.webdriv...</msg>
<var>${elements}</var>
<arg>css:.card-title</arg>
<doc>Returns a list of WebElement objects matching the ``locator``.</doc>
<status status="PASS" start="2024-06-22T18:14:30.419250" elapsed="0.013531"/>
</kw>
<kw name="Create List" owner="BuiltIn">
<msg time="2024-06-22T18:14:30.432781" level="INFO">@{actualList} = [ ]</msg>
<var>@{actualList}</var>
<doc>Returns a list containing given items.</doc>
<status status="PASS" start="2024-06-22T18:14:30.432781" elapsed="0.000000"/>
</kw>
<for flavor="IN">
<iter>
<kw name="Log" owner="BuiltIn">
<msg time="2024-06-22T18:14:30.450778" level="INFO">iphone X</msg>
<arg>${element.text}</arg>
<doc>Logs the given message with the given level.</doc>
<status status="PASS" start="2024-06-22T18:14:30.433778" elapsed="0.017000"/>
</kw>
<kw name="Append To List" owner="Collections">
<arg>${actualList}</arg>
<arg>${element.text}</arg>
<doc>Adds ``values`` to the end of ``list``.</doc>
<status status="PASS" start="2024-06-22T18:14:30.450778" elapsed="0.010999"/>
</kw>
<var name="${element}">&lt;selenium.webdriver.remote.webelement.WebElement (session="309fa44e2c8086315bd53c835ffb2441", element="f.2F4CAA443A5C50381621B7B60B087B26.d.473DD730987CC67E952873914341A728.e.67")&gt;</var>
<status status="PASS" start="2024-06-22T18:14:30.433778" elapsed="0.027999"/>
</iter>
<iter>
<kw name="Log" owner="BuiltIn">
<msg time="2024-06-22T18:14:30.474786" level="INFO">Samsung Note 8</msg>
<arg>${element.text}</arg>
<doc>Logs the given message with the given level.</doc>
<status status="PASS" start="2024-06-22T18:14:30.462777" elapsed="0.012009"/>
</kw>
<kw name="Append To List" owner="Collections">
<arg>${actualList}</arg>
<arg>${element.text}</arg>
<doc>Adds ``values`` to the end of ``list``.</doc>
<status status="PASS" start="2024-06-22T18:14:30.474786" elapsed="0.014990"/>
</kw>
<var name="${element}">&lt;selenium.webdriver.remote.webelement.WebElement (session="309fa44e2c8086315bd53c835ffb2441", element="f.2F4CAA443A5C50381621B7B60B087B26.d.473DD730987CC67E952873914341A728.e.68")&gt;</var>
<status status="PASS" start="2024-06-22T18:14:30.462777" elapsed="0.026999"/>
</iter>
<iter>
<kw name="Log" owner="BuiltIn">
<msg time="2024-06-22T18:14:30.502783" level="INFO">Nokia Edge</msg>
<arg>${element.text}</arg>
<doc>Logs the given message with the given level.</doc>
<status status="PASS" start="2024-06-22T18:14:30.490777" elapsed="0.013007"/>
</kw>
<kw name="Append To List" owner="Collections">
<arg>${actualList}</arg>
<arg>${element.text}</arg>
<doc>Adds ``values`` to the end of ``list``.</doc>
<status status="PASS" start="2024-06-22T18:14:30.503784" elapsed="0.007992"/>
</kw>
<var name="${element}">&lt;selenium.webdriver.remote.webelement.WebElement (session="309fa44e2c8086315bd53c835ffb2441", element="f.2F4CAA443A5C50381621B7B60B087B26.d.473DD730987CC67E952873914341A728.e.69")&gt;</var>
<status status="PASS" start="2024-06-22T18:14:30.489776" elapsed="0.022000"/>
</iter>
<iter>
<kw name="Log" owner="BuiltIn">
<msg time="2024-06-22T18:14:30.526782" level="INFO">Blackberry</msg>
<arg>${element.text}</arg>
<doc>Logs the given message with the given level.</doc>
<status status="PASS" start="2024-06-22T18:14:30.511776" elapsed="0.015006"/>
</kw>
<kw name="Append To List" owner="Collections">
<arg>${actualList}</arg>
<arg>${element.text}</arg>
<doc>Adds ``values`` to the end of ``list``.</doc>
<status status="PASS" start="2024-06-22T18:14:30.526782" elapsed="0.015513"/>
</kw>
<var name="${element}">&lt;selenium.webdriver.remote.webelement.WebElement (session="309fa44e2c8086315bd53c835ffb2441", element="f.2F4CAA443A5C50381621B7B60B087B26.d.473DD730987CC67E952873914341A728.e.70")&gt;</var>
<status status="PASS" start="2024-06-22T18:14:30.511776" elapsed="0.030519"/>
</iter>
<var>${element}</var>
<value>@{elements}</value>
<status status="PASS" start="2024-06-22T18:14:30.432781" elapsed="0.109514"/>
</for>
<kw name="Lists Should Be Equal" owner="Collections">
<msg time="2024-06-22T18:14:30.543295" level="INFO">False</msg>
<arg>${expectedList}</arg>
<arg>${actualList}</arg>
<doc>Fails if given lists are unequal.</doc>
<status status="PASS" start="2024-06-22T18:14:30.542295" elapsed="0.001000"/>
</kw>
<status status="PASS" start="2024-06-22T18:14:30.417250" elapsed="0.126045"/>
</kw>
<kw name="Add Items To Cart And Checkout" owner="Shop">
<msg time="2024-06-22T18:14:30.571298" level="INFO">Clicking button 'xpath:(//*[@class='card-footer'])[3]/button'.</msg>
<msg time="2024-06-22T18:14:30.628298" level="INFO">Clicking button 'xpath:(//*[@class='card-footer'])[4]/button'.</msg>
<arg>${listOfProducts}</arg>
<status status="PASS" start="2024-06-22T18:14:30.543295" elapsed="0.130175"/>
</kw>
<kw name="Close Browser session" owner="Generic" type="TEARDOWN">
<kw name="Close Browser" owner="SeleniumLibrary">
<doc>Closes the current browser.</doc>
<status status="PASS" start="2024-06-22T18:14:30.674475" elapsed="2.124693"/>
</kw>
<status status="PASS" start="2024-06-22T18:14:30.674475" elapsed="2.124693"/>
</kw>
<status status="PASS" start="2024-06-22T18:14:22.653947" elapsed="10.146223"/>
</test>
<test id="s1-t3" name="Select the Form and navigate to Child window" line="32">
<kw name="open the browser with the Mortgage payment url" owner="Generic" type="SETUP">
<kw name="Open Browser" owner="SeleniumLibrary">
<msg time="2024-06-22T18:14:32.801170" level="INFO">Opening browser 'chrome' to base url 'https://rahulshettyacademy.com/loginpagePractise/'.</msg>
<msg time="2024-06-22T18:14:33.225968" level="WARN">The chromedriver version (125.0.6422.141) detected in PATH at C:\bin\chromedriver.exe might not be compatible with the detected chrome version (126.0.6478.114); currently, chromedriver 126.0.6478.63 is recommended for chrome 126.*, so it is advised to delete the driver in PATH and retry</msg>
<arg>${url}</arg>
<arg>chrome</arg>
<doc>Opens a new browser instance to the optional ``url``.</doc>
<status status="PASS" start="2024-06-22T18:14:32.801170" elapsed="2.633623"/>
</kw>
<status status="PASS" start="2024-06-22T18:14:32.801170" elapsed="2.634624"/>
</kw>
<kw name="Fill the Login Details and Form" owner="LandingPage">
<kw name="Input Text" owner="SeleniumLibrary">
<msg time="2024-06-22T18:14:35.436793" level="INFO">Typing text 'rahulshettyacademy' into text field 'id:username'.</msg>
<arg>id:username</arg>
<arg>rahulshettyacademy</arg>
<doc>Types the given ``text`` into the text field identified by ``locator``.</doc>
<status status="PASS" start="2024-06-22T18:14:35.436793" elapsed="0.171191"/>
</kw>
<kw name="Input Password" owner="SeleniumLibrary">
<msg time="2024-06-22T18:14:35.608984" level="INFO">Typing password into text field 'id:password'.</msg>
<msg time="2024-06-22T18:14:35.638020" level="INFO">Temporally setting log level to: NONE</msg>
<arg>id:password</arg>
<arg>learning</arg>
<doc>Types the given password into the text field identified by ``locator``.</doc>
<status status="PASS" start="2024-06-22T18:14:35.608984" elapsed="0.093038"/>
</kw>
<kw name="Click Element" owner="SeleniumLibrary">
<msg time="2024-06-22T18:14:35.703023" level="INFO">Clicking element 'css:input[value='user']'.</msg>
<arg>css:input[value='user']</arg>
<doc>Click the element identified by ``locator``.</doc>
<status status="PASS" start="2024-06-22T18:14:35.703023" elapsed="0.048170"/>
</kw>
<kw name="Wait Until Element Is Visible" owner="SeleniumLibrary">
<arg>css:.modal-body</arg>
<doc>Waits until the element ``locator`` is visible.</doc>
<status status="PASS" start="2024-06-22T18:14:35.751193" elapsed="0.234028"/>
</kw>
<kw name="Click Button" owner="SeleniumLibrary">
<msg time="2024-06-22T18:14:35.986223" level="INFO">Clicking button 'okayBtn'.</msg>
<arg>okayBtn</arg>
<doc>Clicks the button identified by ``locator``.</doc>
<status status="PASS" start="2024-06-22T18:14:35.985221" elapsed="0.043009"/>
</kw>
<kw name="Click Button" owner="SeleniumLibrary">
<msg time="2024-06-22T18:14:36.028230" level="INFO">Clicking button 'okayBtn'.</msg>
<arg>okayBtn</arg>
<doc>Clicks the button identified by ``locator``.</doc>
<status status="PASS" start="2024-06-22T18:14:36.028230" elapsed="0.035043"/>
</kw>
<kw name="Select From List By Value" owner="SeleniumLibrary">
<msg time="2024-06-22T18:14:36.064276" level="INFO">Selecting options from selection list 'css:select.form-control' by value teach.</msg>
<arg>css:select.form-control</arg>
<arg>teach</arg>
<doc>Selects options from selection list ``locator`` by ``values``.</doc>
<status status="PASS" start="2024-06-22T18:14:36.064276" elapsed="0.054999"/>
</kw>
<kw name="Wait Until Element Is Visible" owner="SeleniumLibrary">
<arg>terms</arg>
<doc>Waits until the element ``locator`` is visible.</doc>
<status status="PASS" start="2024-06-22T18:14:36.119275" elapsed="0.015541"/>
</kw>
<kw name="Select Checkbox" owner="SeleniumLibrary">
<msg time="2024-06-22T18:14:36.135824" level="INFO">Selecting checkbox 'terms'.</msg>
<arg>terms</arg>
<doc>Selects the checkbox identified by ``locator``.</doc>
<status status="PASS" start="2024-06-22T18:14:36.134816" elapsed="0.298750"/>
</kw>
<kw name="Checkbox Should Be Selected" owner="SeleniumLibrary">
<msg time="2024-06-22T18:14:36.433566" level="INFO">Verifying checkbox 'terms' is selected.</msg>
<arg>terms</arg>
<doc>Verifies checkbox ``locator`` is selected/checked.</doc>
<status status="PASS" start="2024-06-22T18:14:36.433566" elapsed="0.015512"/>
</kw>
<status status="PASS" start="2024-06-22T18:14:35.435794" elapsed="1.013284"/>
</kw>
<kw name="Close Browser session" owner="Generic" type="TEARDOWN">
<kw name="Close Browser" owner="SeleniumLibrary">
<doc>Closes the current browser.</doc>
<status status="PASS" start="2024-06-22T18:14:36.450078" elapsed="2.106826"/>
</kw>
<status status="PASS" start="2024-06-22T18:14:36.450078" elapsed="2.106826"/>
</kw>
<status status="PASS" start="2024-06-22T18:14:32.800170" elapsed="5.757736"/>
</test>
<doc>To validate Login form</doc>
<status status="PASS" start="2024-06-22T18:14:14.969071" elapsed="23.589834"/>
</suite>
<statistics>
<total>
<stat pass="3" fail="0" skip="0">All Tests</stat>
</total>
<tag>
</tag>
<suite>
<stat pass="3" fail="0" skip="0" id="s1" name="testDemo6">testDemo6</stat>
</suite>
</statistics>
<errors>
<msg time="2024-06-22T18:14:15.708721" level="WARN">The chromedriver version (125.0.6422.141) detected in PATH at C:\bin\chromedriver.exe might not be compatible with the detected chrome version (126.0.6478.114); currently, chromedriver 126.0.6478.63 is recommended for chrome 126.*, so it is advised to delete the driver in PATH and retry</msg>
<msg time="2024-06-22T18:14:23.054004" level="WARN">The chromedriver version (125.0.6422.141) detected in PATH at C:\bin\chromedriver.exe might not be compatible with the detected chrome version (126.0.6478.114); currently, chromedriver 126.0.6478.63 is recommended for chrome 126.*, so it is advised to delete the driver in PATH and retry</msg>
<msg time="2024-06-22T18:14:33.225968" level="WARN">The chromedriver version (125.0.6422.141) detected in PATH at C:\bin\chromedriver.exe might not be compatible with the detected chrome version (126.0.6478.114); currently, chromedriver 126.0.6478.63 is recommended for chrome 126.*, so it is advised to delete the driver in PATH and retry</msg>
</errors>
</robot>
