<?xml version="1.0" encoding="UTF-8"?>
<robot generator="Robot 7.0 (Python 3.10.6 on win32)" generated="2024-06-25T19:57:16.009279" rpa="false" schemaversion="5">
<suite id="s1" name="Tests" source="C:\Users\danny\Documents\automation_development\robot_scripts\practice\Tests">
<suite id="s1-s1" name="testDemo2" source="C:\Users\danny\Documents\automation_development\robot_scripts\practice\Tests\testDemo2.robot">
<test id="s1-s1-t1" name="Validate Unsuccessful Login" line="13">
<kw name="open the browser with the Mortgage payment url" owner="Generic" type="SETUP">
<kw name="Open Browser" owner="SeleniumLibrary">
<msg time="2024-06-25T19:57:16.212379" level="INFO">Opening browser 'chrome' to base url 'https://rahulshettyacademy.com/loginpagePractise/'.</msg>
<msg time="2024-06-25T19:57:16.807505" level="WARN">The chromedriver version (125.0.6422.141) detected in PATH at C:\bin\chromedriver.exe might not be compatible with the detected chrome version (126.0.6478.114); currently, chromedriver 126.0.6478.126 is recommended for chrome 126.*, so it is advised to delete the driver in PATH and retry</msg>
<arg>${url}</arg>
<arg>chrome</arg>
<doc>Opens a new browser instance to the optional ``url``.</doc>
<status status="PASS" start="2024-06-25T19:57:16.212379" elapsed="3.123254"/>
</kw>
<status status="PASS" start="2024-06-25T19:57:16.211381" elapsed="3.125245"/>
</kw>
<kw name="Fill the login form">
<kw name="Wait Until Element Is Visible" owner="SeleniumLibrary">
<arg>username</arg>
<doc>Waits until the element ``locator`` is visible.</doc>
<status status="PASS" start="2024-06-25T19:57:19.338505" elapsed="0.023270"/>
</kw>
<kw name="Input Text" owner="SeleniumLibrary">
<msg time="2024-06-25T19:57:19.361775" level="INFO">Typing text 'rahulshettyacademy' into text field 'id:username'.</msg>
<arg>id:username</arg>
<arg>${username}</arg>
<doc>Types the given ``text`` into the text field identified by ``locator``.</doc>
<status status="PASS" start="2024-06-25T19:57:19.361775" elapsed="0.114060"/>
</kw>
<kw name="Input Password" owner="SeleniumLibrary">
<msg time="2024-06-25T19:57:19.476341" level="INFO">Typing password into text field 'id:password'.</msg>
<msg time="2024-06-25T19:57:19.507381" level="INFO">Temporally setting log level to: NONE</msg>
<arg>id:password</arg>
<arg>${password}</arg>
<doc>Types the given password into the text field identified by ``locator``.</doc>
<status status="PASS" start="2024-06-25T19:57:19.476341" elapsed="0.077853"/>
</kw>
<kw name="Click Button" owner="SeleniumLibrary">
<msg time="2024-06-25T19:57:19.554194" level="INFO">Clicking button 'signInBtn'.</msg>
<arg>signInBtn</arg>
<doc>Clicks the button identified by ``locator``.</doc>
<status status="PASS" start="2024-06-25T19:57:19.554194" elapsed="0.045268"/>
</kw>
<arg>${user_name}</arg>
<arg>${invalid_password}</arg>
<status status="PASS" start="2024-06-25T19:57:19.337500" elapsed="0.261962"/>
</kw>
<kw name="Wait until Element is visible on the page">
<kw name="Wait Until Element Is Visible" owner="SeleniumLibrary">
<arg>${element}</arg>
<doc>Waits until the element ``locator`` is visible.</doc>
<status status="PASS" start="2024-06-25T19:57:19.599462" elapsed="2.179983"/>
</kw>
<arg>${Error_Message_Login}</arg>
<status status="PASS" start="2024-06-25T19:57:19.599462" elapsed="2.179983"/>
</kw>
<kw name="Verify error message is correct">
<kw name="Element Text Should Be" owner="SeleniumLibrary">
<msg time="2024-06-25T19:57:21.780835" level="INFO">Verifying element 'class:alert-danger' contains exact text 'Incorrect username/password.'.</msg>
<arg>${Error_Message_Login}</arg>
<arg>Incorrect username/password.</arg>
<doc>Verifies that element ``locator`` contains exact the text ``expected``.</doc>
<status status="PASS" start="2024-06-25T19:57:21.780835" elapsed="0.016579"/>
</kw>
<status status="PASS" start="2024-06-25T19:57:21.780445" elapsed="0.017973"/>
</kw>
<kw name="Close Browser session" owner="Generic" type="TEARDOWN">
<kw name="Close Browser" owner="SeleniumLibrary">
<doc>Closes the current browser.</doc>
<status status="PASS" start="2024-06-25T19:57:21.798418" elapsed="2.147295"/>
</kw>
<status status="PASS" start="2024-06-25T19:57:21.798418" elapsed="2.147295"/>
</kw>
<tag>SMOKE</tag>
<status status="PASS" start="2024-06-25T19:57:16.211381" elapsed="7.734332"/>
</test>
<doc>To validate Login form</doc>
<status status="PASS" start="2024-06-25T19:57:16.030776" elapsed="7.915658"/>
</suite>
<suite id="s1-s2" name="testDemo6" source="C:\Users\danny\Documents\automation_development\robot_scripts\practice\Tests\testDemo6.robot">
<test id="s1-s2-t1" name="Validate Unsuccessful Login" line="21">
<kw name="open the browser with the url" owner="Generic" type="SETUP">
<kw name="Open Browser" owner="SeleniumLibrary">
<msg time="2024-06-25T19:57:23.968193" level="INFO">Opening browser 'firefox' to base url 'https://rahulshettyacademy.com/loginpagePractise/'.</msg>
<arg>${url}</arg>
<arg>${browser_name}</arg>
<doc>Opens a new browser instance to the optional ``url``.</doc>
<status status="PASS" start="2024-06-25T19:57:23.966723" elapsed="20.370631"/>
</kw>
<arg>firefox</arg>
<status status="PASS" start="2024-06-25T19:57:23.966723" elapsed="20.370631"/>
</kw>
<kw name="Fill the login form" owner="LandingPage">
<kw name="Wait Until Element Is Visible" owner="SeleniumLibrary">
<arg>id:username</arg>
<doc>Waits until the element ``locator`` is visible.</doc>
<status status="PASS" start="2024-06-25T19:57:44.338355" elapsed="0.031223"/>
</kw>
<kw name="Input Text" owner="SeleniumLibrary">
<msg time="2024-06-25T19:57:44.370578" level="INFO">Typing text 'rahulshettyacademy' into text field 'id:username'.</msg>
<arg>id:username</arg>
<arg>${username}</arg>
<doc>Types the given ``text`` into the text field identified by ``locator``.</doc>
<status status="PASS" start="2024-06-25T19:57:44.369578" elapsed="0.056108"/>
</kw>
<kw name="Input Password" owner="SeleniumLibrary">
<msg time="2024-06-25T19:57:44.426812" level="INFO">Typing password into text field 'id:password'.</msg>
<msg time="2024-06-25T19:57:44.435709" level="INFO">Temporally setting log level to: NONE</msg>
<arg>id:password</arg>
<arg>${password}</arg>
<doc>Types the given password into the text field identified by ``locator``.</doc>
<status status="PASS" start="2024-06-25T19:57:44.426812" elapsed="0.018975"/>
</kw>
<kw name="Click Button" owner="SeleniumLibrary">
<msg time="2024-06-25T19:57:44.446876" level="INFO">Clicking button 'signInBtn'.</msg>
<arg>signInBtn</arg>
<doc>Clicks the button identified by ``locator``.</doc>
<status status="PASS" start="2024-06-25T19:57:44.445787" elapsed="0.221651"/>
</kw>
<arg>${user_name}</arg>
<arg>${invalid_password}</arg>
<status status="PASS" start="2024-06-25T19:57:44.338355" elapsed="0.330084"/>
</kw>
<kw name="Wait until Element is visible on the page" owner="LandingPage">
<kw name="Wait Until element passed is located on Page" owner="Generic">
<kw name="Wait Until Element Is Visible" owner="SeleniumLibrary">
<arg>${page_locator}</arg>
<doc>Waits until the element ``locator`` is visible.</doc>
<status status="PASS" start="2024-06-25T19:57:44.669436" elapsed="1.956930"/>
</kw>
<arg>${Error_Message_Login}</arg>
<status status="PASS" start="2024-06-25T19:57:44.668439" elapsed="1.957927"/>
</kw>
<status status="PASS" start="2024-06-25T19:57:44.668439" elapsed="1.957927"/>
</kw>
<kw name="Verify error message is correct" owner="LandingPage">
<kw name="Get Text" owner="SeleniumLibrary">
<msg time="2024-06-25T19:57:46.636367" level="INFO">${result} = Incorrect username/password.</msg>
<var>${result}</var>
<arg>${Error_Message_Login}</arg>
<doc>Returns the text value of the element identified by ``locator``.</doc>
<status status="PASS" start="2024-06-25T19:57:46.627367" elapsed="0.009000"/>
</kw>
<kw name="Should Be Equal As Strings" owner="BuiltIn">
<arg>${result}</arg>
<arg>Incorrect username/password.</arg>
<doc>Fails if objects are unequal after converting them to strings.</doc>
<status status="PASS" start="2024-06-25T19:57:46.636367" elapsed="0.000000"/>
</kw>
<kw name="Element Text Should Be" owner="SeleniumLibrary">
<msg time="2024-06-25T19:57:46.637370" level="INFO">Verifying element 'class:alert-danger' contains exact text 'Incorrect username/password.'.</msg>
<arg>${Error_Message_Login}</arg>
<arg>Incorrect username/password.</arg>
<doc>Verifies that element ``locator`` contains exact the text ``expected``.</doc>
<status status="PASS" start="2024-06-25T19:57:46.636367" elapsed="0.006001"/>
</kw>
<status status="PASS" start="2024-06-25T19:57:46.627367" elapsed="0.016001"/>
</kw>
<kw name="Close Browser session" owner="Generic" type="TEARDOWN">
<kw name="Close Browser" owner="SeleniumLibrary">
<doc>Closes the current browser.</doc>
<status status="PASS" start="2024-06-25T19:57:46.643368" elapsed="2.781883"/>
</kw>
<status status="PASS" start="2024-06-25T19:57:46.643368" elapsed="2.782884"/>
</kw>
<tag>SMOKE</tag>
<status status="PASS" start="2024-06-25T19:57:23.966723" elapsed="25.459529"/>
</test>
<doc>To validate Login form</doc>
<status status="PASS" start="2024-06-25T19:57:23.947439" elapsed="25.479812"/>
</suite>
<status status="PASS" start="2024-06-25T19:57:16.011279" elapsed="33.415972"/>
</suite>
<statistics>
<total>
<stat pass="2" fail="0" skip="0">All Tests</stat>
</total>
<tag>
<stat pass="2" fail="0" skip="0">SMOKE</stat>
</tag>
<suite>
<stat pass="2" fail="0" skip="0" id="s1" name="Tests">Tests</stat>
<stat pass="1" fail="0" skip="0" id="s1-s1" name="testDemo2">Tests.testDemo2</stat>
<stat pass="1" fail="0" skip="0" id="s1-s2" name="testDemo6">Tests.testDemo6</stat>
</suite>
</statistics>
<errors>
<msg time="2024-06-25T19:57:16.807505" level="WARN">The chromedriver version (125.0.6422.141) detected in PATH at C:\bin\chromedriver.exe might not be compatible with the detected chrome version (126.0.6478.114); currently, chromedriver 126.0.6478.126 is recommended for chrome 126.*, so it is advised to delete the driver in PATH and retry</msg>
</errors>
</robot>
